<?xml version="1.0" encoding="UTF-8"?>
<!-- Generated by org.testng.reporters.JUnitReportReporter -->
<testsuite hostname="Rohan" failures="0" tests="1" name="seleniumjava.Tests.errorvalidation" time="22.458" errors="0" timestamp="2025-01-27T13:11:41 IST" skipped="0">
  <testcase classname="seleniumjava.Tests.errorvalidation" name="submitorder" time="22.458"/>
  <system-out/>
</testsuite> <!-- seleniumjava.Tests.errorvalidation -->
