<?xml version="1.0" encoding="UTF-8"?>
<!-- Generated by org.testng.reporters.JUnitReportReporter -->
<testsuite hostname="Rohan" failures="0" tests="2" name="seleniumjava.Tests.submitordertest" time="49.922" errors="0" timestamp="2025-01-27T13:11:41 IST" skipped="0">
  <testcase classname="seleniumjava.Tests.submitordertest" name="orderhistory" time="20.234"/>
  <system-out/>
  <testcase classname="seleniumjava.Tests.submitordertest" name="submitorder" time="29.688"/>
  <system-out/>
</testsuite> <!-- seleniumjava.Tests.submitordertest -->
