<?xml version="1.0" encoding="UTF-8"?>
<!-- Generated by org.testng.reporters.JUnitReportReporter -->
<testsuite hostname="Rohan" failures="0" tests="1" name="seleniumjava.Tests.errorvalidation" time="12.028" errors="0" timestamp="2025-01-27T14:35:48 IST" skipped="0">
  <testcase classname="seleniumjava.Tests.errorvalidation" name="submitorder" time="12.028"/>
</testsuite> <!-- seleniumjava.Tests.errorvalidation -->
